<?xml version="1.0" encoding="UTF-8"?>
<!-- Generated by org.testng.reporters.JUnitReportReporter -->
<testsuite hostname="DESKTOP-KSE1KLR" name="com.guru99.test.TestGuru99Login" tests="1" failures="0" timestamp="14 Apr 2019 17:48:34 GMT" time="13.220" errors="0">
  <testcase name="testLogIn" time="13.220" classname="com.guru99.test.TestGuru99Login"/>
</testsuite> <!-- com.guru99.test.TestGuru99Login -->
